[ 2018-03-24T18:24:14+08:00 ] ::1 /1/
INFO: [ app_init ] --START--
INFO: Run Behavior\BuildLiteBehavior [ RunTime:0.000012s ]
INFO: [ app_init ] --END-- [ RunTime:0.000089s ]
INFO: [ app_begin ] --START--
INFO: Run Behavior\ReadHtmlCacheBehavior [ RunTime:0.002606s ]
INFO: [ app_begin ] --END-- [ RunTime:0.002686s ]
INFO: [ view_parse ] --START--
INFO: [ template_filter ] --START--
INFO: Run Behavior\ContentReplaceBehavior [ RunTime:0.000027s ]
INFO: [ template_filter ] --END-- [ RunTime:0.000166s ]
INFO: Run Behavior\ParseTemplateBehavior [ RunTime:0.013694s ]
INFO: [ view_parse ] --END-- [ RunTime:0.013809s ]
INFO: [ view_filter ] --START--
INFO: Run Behavior\WriteHtmlCacheBehavior [ RunTime:0.001440s ]
INFO: [ view_filter ] --END-- [ RunTime:0.001507s ]
INFO: [ app_end ] --START--
INFO: Run Behavior\ShowPageTraceBehavior [ RunTime:0.001470s ]
INFO: [ app_end ] --END-- [ RunTime:0.001508s ]

[ 2018-03-24T18:25:39+08:00 ] ::1 /1/
INFO: [ app_init ] --START--
INFO: Run Behavior\BuildLiteBehavior [ RunTime:0.000026s ]
INFO: [ app_init ] --END-- [ RunTime:0.001089s ]
INFO: [ app_begin ] --START--
INFO: Run Behavior\ReadHtmlCacheBehavior [ RunTime:0.002659s ]
INFO: [ app_begin ] --END-- [ RunTime:0.002713s ]
INFO: [ view_parse ] --START--
INFO: Run Behavior\ParseTemplateBehavior [ RunTime:0.001021s ]
INFO: [ view_parse ] --END-- [ RunTime:0.001062s ]
INFO: [ view_filter ] --START--
INFO: Run Behavior\WriteHtmlCacheBehavior [ RunTime:0.001969s ]
INFO: [ view_filter ] --END-- [ RunTime:0.002040s ]
INFO: [ app_end ] --START--
INFO: Run Behavior\ShowPageTraceBehavior [ RunTime:0.001937s ]
INFO: [ app_end ] --END-- [ RunTime:0.001992s ]

[ 2018-03-24T18:25:40+08:00 ] ::1 /1/
INFO: [ app_init ] --START--
INFO: Run Behavior\BuildLiteBehavior [ RunTime:0.000011s ]
INFO: [ app_init ] --END-- [ RunTime:0.001127s ]
INFO: [ app_begin ] --START--
INFO: Run Behavior\ReadHtmlCacheBehavior [ RunTime:0.002559s ]
INFO: [ app_begin ] --END-- [ RunTime:0.002608s ]
INFO: [ view_parse ] --START--
INFO: Run Behavior\ParseTemplateBehavior [ RunTime:0.001295s ]
INFO: [ view_parse ] --END-- [ RunTime:0.001339s ]
INFO: [ view_filter ] --START--
INFO: Run Behavior\WriteHtmlCacheBehavior [ RunTime:0.001421s ]
INFO: [ view_filter ] --END-- [ RunTime:0.001461s ]
INFO: [ app_end ] --START--
INFO: Run Behavior\ShowPageTraceBehavior [ RunTime:0.002538s ]
INFO: [ app_end ] --END-- [ RunTime:0.002619s ]

[ 2018-03-24T18:26:40+08:00 ] ::1 /1/
INFO: [ app_init ] --START--
INFO: Run Behavior\BuildLiteBehavior [ RunTime:0.000014s ]
INFO: [ app_init ] --END-- [ RunTime:0.001855s ]
INFO: [ app_begin ] --START--
INFO: Run Behavior\ReadHtmlCacheBehavior [ RunTime:0.002331s ]
INFO: [ app_begin ] --END-- [ RunTime:0.002423s ]
ERR: 模板不存在:./Application/Home/View/Index/index.html

[ 2018-03-24T18:29:27+08:00 ] ::1 /1/
INFO: [ app_init ] --START--
INFO: Run Behavior\BuildLiteBehavior [ RunTime:0.000013s ]
INFO: [ app_init ] --END-- [ RunTime:0.001126s ]
INFO: [ app_begin ] --START--
INFO: Run Behavior\ReadHtmlCacheBehavior [ RunTime:0.002809s ]
INFO: [ app_begin ] --END-- [ RunTime:0.002883s ]
INFO: [ view_parse ] --START--
INFO: [ template_filter ] --START--
INFO: Run Behavior\ContentReplaceBehavior [ RunTime:0.000022s ]
INFO: [ template_filter ] --END-- [ RunTime:0.000079s ]
INFO: Run Behavior\ParseTemplateBehavior [ RunTime:0.012404s ]
INFO: [ view_parse ] --END-- [ RunTime:0.012489s ]
INFO: [ view_filter ] --START--
INFO: Run Behavior\WriteHtmlCacheBehavior [ RunTime:0.001377s ]
INFO: [ view_filter ] --END-- [ RunTime:0.001413s ]
INFO: [ app_end ] --START--
INFO: Run Behavior\ShowPageTraceBehavior [ RunTime:0.001570s ]
INFO: [ app_end ] --END-- [ RunTime:0.001610s ]

[ 2018-03-24T18:29:41+08:00 ] ::1 /1/
INFO: [ app_init ] --START--
INFO: Run Behavior\BuildLiteBehavior [ RunTime:0.000011s ]
INFO: [ app_init ] --END-- [ RunTime:0.000985s ]
INFO: [ app_begin ] --START--
INFO: Run Behavior\ReadHtmlCacheBehavior [ RunTime:0.001663s ]
INFO: [ app_begin ] --END-- [ RunTime:0.001704s ]
INFO: [ view_parse ] --START--
INFO: [ template_filter ] --START--
INFO: Run Behavior\ContentReplaceBehavior [ RunTime:0.000024s ]
INFO: [ template_filter ] --END-- [ RunTime:0.000070s ]
INFO: Run Behavior\ParseTemplateBehavior [ RunTime:0.009666s ]
INFO: [ view_parse ] --END-- [ RunTime:0.009720s ]
INFO: [ view_filter ] --START--
INFO: Run Behavior\WriteHtmlCacheBehavior [ RunTime:0.001566s ]
INFO: [ view_filter ] --END-- [ RunTime:0.001606s ]
INFO: [ app_end ] --START--
INFO: Run Behavior\ShowPageTraceBehavior [ RunTime:0.001796s ]
INFO: [ app_end ] --END-- [ RunTime:0.001842s ]

